<?xml version="1.0" encoding="UTF-8"?>
<!-- Generated by org.testng.reporters.JUnitXMLReporter -->
<testsuite hostname="LAPTOP-LDDE6EAS" name="Default test" tests="3" failures="0" timestamp="16 May 2019 22:42:15 GMT" time="56.06" errors="0">
  <testcase name="loginPageTitleTest" time="0.015" classname="com.library.qa.testcases.LoginPageTest"/>
  <testcase name="loginPageLogoTest" time="0.12" classname="com.library.qa.testcases.LoginPageTest"/>
  <testcase name="signinTest" time="3.779" classname="com.library.qa.testcases.LoginPageTest"/>
</testsuite> <!-- Default test -->
