<?xml version="1.0" encoding="UTF-8"?>
<testng-results skipped="0" failed="0" total="3" passed="3">
  <reporter-output>
  </reporter-output>
  <suite name="Default suite" duration-ms="56060" started-at="2019-05-16T22:41:19Z" finished-at="2019-05-16T22:42:15Z">
    <groups>
    </groups>
    <test name="Default test" duration-ms="56060" started-at="2019-05-16T22:41:19Z" finished-at="2019-05-16T22:42:15Z">
      <class name="com.library.qa.testcases.LoginPageTest">
        <test-method status="PASS" signature="setUp()[pri:0, instance:com.library.qa.testcases.LoginPageTest@1b604f19]" name="setUp" is-config="true" duration-ms="9705" started-at="2019-05-16T18:41:19Z" finished-at="2019-05-16T18:41:28Z">
          <reporter-output>
          </reporter-output>
        </test-method> <!-- setUp -->
        <test-method status="PASS" signature="loginPageTitleTest()[pri:0, instance:com.library.qa.testcases.LoginPageTest@1b604f19]" name="loginPageTitleTest" duration-ms="15" started-at="2019-05-16T18:41:28Z" finished-at="2019-05-16T18:41:28Z">
          <reporter-output>
          </reporter-output>
        </test-method> <!-- loginPageTitleTest -->
        <test-method status="PASS" signature="tearDown()[pri:0, instance:com.library.qa.testcases.LoginPageTest@1b604f19]" name="tearDown" is-config="true" duration-ms="2880" started-at="2019-05-16T18:41:28Z" finished-at="2019-05-16T18:41:31Z">
          <reporter-output>
          </reporter-output>
        </test-method> <!-- tearDown -->
        <test-method status="PASS" signature="setUp()[pri:0, instance:com.library.qa.testcases.LoginPageTest@1b604f19]" name="setUp" is-config="true" duration-ms="27300" started-at="2019-05-16T18:41:31Z" finished-at="2019-05-16T18:41:59Z">
          <reporter-output>
          </reporter-output>
        </test-method> <!-- setUp -->
        <test-method status="PASS" signature="loginPageLogoTest()[pri:0, instance:com.library.qa.testcases.LoginPageTest@1b604f19]" name="loginPageLogoTest" duration-ms="120" started-at="2019-05-16T18:41:59Z" finished-at="2019-05-16T18:41:59Z">
          <reporter-output>
          </reporter-output>
        </test-method> <!-- loginPageLogoTest -->
        <test-method status="PASS" signature="tearDown()[pri:0, instance:com.library.qa.testcases.LoginPageTest@1b604f19]" name="tearDown" is-config="true" duration-ms="1950" started-at="2019-05-16T18:41:59Z" finished-at="2019-05-16T18:42:01Z">
          <reporter-output>
          </reporter-output>
        </test-method> <!-- tearDown -->
        <test-method status="PASS" signature="setUp()[pri:0, instance:com.library.qa.testcases.LoginPageTest@1b604f19]" name="setUp" is-config="true" duration-ms="8081" started-at="2019-05-16T18:42:01Z" finished-at="2019-05-16T18:42:09Z">
          <reporter-output>
          </reporter-output>
        </test-method> <!-- setUp -->
        <test-method status="PASS" signature="signinTest()[pri:0, instance:com.library.qa.testcases.LoginPageTest@1b604f19]" name="signinTest" duration-ms="3779" started-at="2019-05-16T18:42:09Z" finished-at="2019-05-16T18:42:12Z">
          <reporter-output>
          </reporter-output>
        </test-method> <!-- signinTest -->
        <test-method status="PASS" signature="tearDown()[pri:0, instance:com.library.qa.testcases.LoginPageTest@1b604f19]" name="tearDown" is-config="true" duration-ms="2210" started-at="2019-05-16T18:42:12Z" finished-at="2019-05-16T18:42:15Z">
          <reporter-output>
          </reporter-output>
        </test-method> <!-- tearDown -->
      </class> <!-- com.library.qa.testcases.LoginPageTest -->
    </test> <!-- Default test -->
  </suite> <!-- Default suite -->
</testng-results>
